2022-10-29 21:46:07 INFO log.py: Yasb - Yet Another Status Bar
2022-10-29 21:46:08 ERROR base.py: Failed to execute callback of type 'update_label' with args: []
Traceback (most recent call last):
  File "C:\Users\Cliente\.yasb\app\src\core\widgets\base.py", line 84, in _run_callback
    self.callbacks[callback_type](*callback_args)
  File "C:\Users\Cliente\.yasb\app\src\core\widgets\yasb\battery.py", line 123, in _update_label
    threshold = self._get_battery_threshold()
  File "C:\Users\Cliente\.yasb\app\src\core\widgets\yasb\battery.py", line 86, in _get_battery_threshold
    percent = self._battery_state.percent
AttributeError: 'NoneType' object has no attribute 'percent'
2022-10-29 21:46:10 INFO bar_manager.py: Starting KomorebiEventListener...
2022-10-29 21:46:10 INFO bar_manager.py: Starting SystemEventListener...
2022-10-29 21:46:10 INFO event_listener.py: Created named pipe yasb-3f2a6322-57ec-11ed-8b8a-408d5c96c0f0
2022-10-29 21:46:10 INFO event_listener.py: Waiting for Komorebi to subscribe to named pipe yasb-3f2a6322-57ec-11ed-8b8a-408d5c96c0f0
2022-10-29 21:46:10 INFO watcher.py: Created file watcher for path C:\Users\Cliente\.yasb
2022-10-29 21:46:10 WARNING event_listener.py: Komorebi failed to subscribe named pipe. Waiting for subscription: Error: No connection could be made because the target machine actively refused it. (os error 10061)

Location:
    komorebic\src\main.rs:729:22

2022-10-29 21:46:13 ERROR base.py: Failed to execute callback of type 'update_label' with args: []
Traceback (most recent call last):
  File "C:\Users\Cliente\.yasb\app\src\core\widgets\base.py", line 84, in _run_callback
    self.callbacks[callback_type](*callback_args)
  File "C:\Users\Cliente\.yasb\app\src\core\widgets\yasb\battery.py", line 123, in _update_label
    threshold = self._get_battery_threshold()
  File "C:\Users\Cliente\.yasb\app\src\core\widgets\yasb\battery.py", line 86, in _get_battery_threshold
    percent = self._battery_state.percent
AttributeError: 'NoneType' object has no attribute 'percent'
2022-10-29 21:46:18 ERROR base.py: Failed to execute callback of type 'update_label' with args: []
Traceback (most recent call last):
  File "C:\Users\Cliente\.yasb\app\src\core\widgets\base.py", line 84, in _run_callback
    self.callbacks[callback_type](*callback_args)
  File "C:\Users\Cliente\.yasb\app\src\core\widgets\yasb\battery.py", line 123, in _update_label
    threshold = self._get_battery_threshold()
  File "C:\Users\Cliente\.yasb\app\src\core\widgets\yasb\battery.py", line 86, in _get_battery_threshold
    percent = self._battery_state.percent
AttributeError: 'NoneType' object has no attribute 'percent'
2022-10-29 21:46:23 ERROR base.py: Failed to execute callback of type 'update_label' with args: []
Traceback (most recent call last):
  File "C:\Users\Cliente\.yasb\app\src\core\widgets\base.py", line 84, in _run_callback
    self.callbacks[callback_type](*callback_args)
  File "C:\Users\Cliente\.yasb\app\src\core\widgets\yasb\battery.py", line 123, in _update_label
    threshold = self._get_battery_threshold()
  File "C:\Users\Cliente\.yasb\app\src\core\widgets\yasb\battery.py", line 86, in _get_battery_threshold
    percent = self._battery_state.percent
AttributeError: 'NoneType' object has no attribute 'percent'
2022-10-29 21:46:28 ERROR base.py: Failed to execute callback of type 'update_label' with args: []
Traceback (most recent call last):
  File "C:\Users\Cliente\.yasb\app\src\core\widgets\base.py", line 84, in _run_callback
    self.callbacks[callback_type](*callback_args)
  File "C:\Users\Cliente\.yasb\app\src\core\widgets\yasb\battery.py", line 123, in _update_label
    threshold = self._get_battery_threshold()
  File "C:\Users\Cliente\.yasb\app\src\core\widgets\yasb\battery.py", line 86, in _get_battery_threshold
    percent = self._battery_state.percent
AttributeError: 'NoneType' object has no attribute 'percent'
2022-10-29 21:46:33 ERROR base.py: Failed to execute callback of type 'update_label' with args: []
Traceback (most recent call last):
  File "C:\Users\Cliente\.yasb\app\src\core\widgets\base.py", line 84, in _run_callback
    self.callbacks[callback_type](*callback_args)
  File "C:\Users\Cliente\.yasb\app\src\core\widgets\yasb\battery.py", line 123, in _update_label
    threshold = self._get_battery_threshold()
  File "C:\Users\Cliente\.yasb\app\src\core\widgets\yasb\battery.py", line 86, in _get_battery_threshold
    percent = self._battery_state.percent
AttributeError: 'NoneType' object has no attribute 'percent'
2022-10-29 21:46:38 ERROR base.py: Failed to execute callback of type 'update_label' with args: []
Traceback (most recent call last):
  File "C:\Users\Cliente\.yasb\app\src\core\widgets\base.py", line 84, in _run_callback
    self.callbacks[callback_type](*callback_args)
  File "C:\Users\Cliente\.yasb\app\src\core\widgets\yasb\battery.py", line 123, in _update_label
    threshold = self._get_battery_threshold()
  File "C:\Users\Cliente\.yasb\app\src\core\widgets\yasb\battery.py", line 86, in _get_battery_threshold
    percent = self._battery_state.percent
AttributeError: 'NoneType' object has no attribute 'percent'
2022-10-29 21:46:43 ERROR base.py: Failed to execute callback of type 'update_label' with args: []
Traceback (most recent call last):
  File "C:\Users\Cliente\.yasb\app\src\core\widgets\base.py", line 84, in _run_callback
    self.callbacks[callback_type](*callback_args)
  File "C:\Users\Cliente\.yasb\app\src\core\widgets\yasb\battery.py", line 123, in _update_label
    threshold = self._get_battery_threshold()
  File "C:\Users\Cliente\.yasb\app\src\core\widgets\yasb\battery.py", line 86, in _get_battery_threshold
    percent = self._battery_state.percent
AttributeError: 'NoneType' object has no attribute 'percent'
